<?xml version="1.0" encoding="UTF-8"?>
<!-- Generated by org.testng.reporters.JUnitReportReporter -->
<testsuite hostname="ksourabh-PC" name="TestNGB9.TestNGenabledDisabled" tests="2" failures="0" timestamp="9 Jun 2019 07:10:19 GMT" time="0.022" errors="0">
  <testcase name="myTest22" time="0.021" classname="TestNGB9.TestNGenabledDisabled"/>
  <testcase name="myTest3" time="0.001" classname="TestNGB9.TestNGenabledDisabled"/>
</testsuite> <!-- TestNGB9.TestNGenabledDisabled -->
