<?xml version="1.0" encoding="UTF-8"?>
<!-- Generated by org.testng.reporters.JUnitReportReporter -->
<testsuite hostname="ksourabh-PC" name="basic.WindowHandlesFacebookLogin" tests="1" failures="0" timestamp="12 May 2019 04:31:17 GMT" time="140.043" errors="0">
  <testcase name="test" time="140.043" classname="basic.WindowHandlesFacebookLogin"/>
</testsuite> <!-- basic.WindowHandlesFacebookLogin -->
