<?xml version="1.0" encoding="UTF-8"?>
<!-- Generated by org.testng.reporters.JUnitReportReporter -->
<testsuite hostname="ksourabh-PC" name="basic.MyFileDownload" tests="1" failures="0" timestamp="12 May 2019 06:16:43 GMT" time="104.549" errors="0">
  <testcase name="myDownload" time="104.549" classname="basic.MyFileDownload"/>
</testsuite> <!-- basic.MyFileDownload -->
