<?xml version="1.0" encoding="UTF-8"?>
<!-- Generated by org.testng.reporters.JUnitReportReporter -->
<testsuite hostname="ksourabh-PC" name="basic.TableGrid" tests="1" failures="0" timestamp="18 May 2019 04:55:44 GMT" time="146.050" errors="0">
  <testcase name="test" time="146.050" classname="basic.TableGrid"/>
</testsuite> <!-- basic.TableGrid -->
