<?xml version="1.0" encoding="UTF-8"?>
<!-- Generated by org.testng.reporters.JUnitReportReporter -->
<testsuite hostname="ksourabh-PC" name="basic.MyAertAndConfirmation" tests="1" failures="0" timestamp="11 May 2019 04:48:32 GMT" time="24.763" errors="0">
  <testcase name="ChecAlert" time="24.763" classname="basic.MyAertAndConfirmation"/>
</testsuite> <!-- basic.MyAertAndConfirmation -->
