<?xml version="1.0" encoding="UTF-8"?>
<!-- Generated by org.testng.reporters.JUnitReportReporter -->
<testsuite hostname="ksourabh-PC" name="TestNGB9.TestNGCompleteRun" tests="2" failures="0" timestamp="9 Jun 2019 07:08:45 GMT" time="0.014" errors="0">
  <testcase name="test2" time="0.003" classname="TestNGB9.TestNGCompleteRun"/>
  <testcase name="test1" time="0.011" classname="TestNGB9.TestNGCompleteRun"/>
</testsuite> <!-- TestNGB9.TestNGCompleteRun -->
