<?xml version="1.0" encoding="UTF-8"?>
<!-- Generated by org.testng.reporters.JUnitReportReporter -->
<testsuite hostname="ksourabh-PC" name="basic.MyDragAndDrop" tests="1" failures="0" timestamp="12 May 2019 05:43:41 GMT" time="22.374" errors="0">
  <testcase name="test" time="22.374" classname="basic.MyDragAndDrop"/>
</testsuite> <!-- basic.MyDragAndDrop -->
