<?xml version="1.0" encoding="UTF-8"?>
<!-- Generated by org.testng.reporters.JUnitReportReporter -->
<testsuite hostname="ksourabh-PC" name="basic.ShiftplusLetters" tests="1" failures="0" timestamp="12 May 2019 06:34:24 GMT" time="102.675" errors="0">
  <testcase name="test" time="102.675" classname="basic.ShiftplusLetters"/>
</testsuite> <!-- basic.ShiftplusLetters -->
