<?xml version="1.0" encoding="UTF-8"?>
<!-- Generated by org.testng.reporters.JUnitReportReporter -->
<testsuite hostname="ksourabh-PC" name="TestNGB9.ParallelClassB" tests="2" failures="0" timestamp="9 Jun 2019 07:06:03 GMT" time="20.026" errors="0">
  <testcase name="myTest2" time="10.004" classname="TestNGB9.ParallelClassB"/>
  <testcase name="myTest1" time="10.022" classname="TestNGB9.ParallelClassB"/>
</testsuite> <!-- TestNGB9.ParallelClassB -->
