<?xml version="1.0" encoding="UTF-8"?>
<!-- Generated by org.testng.reporters.JUnitReportReporter -->
<testsuite hostname="ksourabh-PC" name="basicCopy.FacebookLogin" tests="1" failures="0" timestamp="26 Jun 2019 09:18:26 GMT" time="28.932" errors="0">
  <testcase name="test" time="28.932" classname="basicCopy.FacebookLogin"/>
</testsuite> <!-- basicCopy.FacebookLogin -->
