<?xml version="1.0" encoding="UTF-8"?>
<!-- Generated by org.testng.reporters.JUnitReportReporter -->
<testsuite hostname="ksourabh-PC" name="basic.UploadFile" tests="1" failures="0" timestamp="12 May 2019 05:02:13 GMT" time="19.798" errors="0">
  <testcase name="test" time="19.798" classname="basic.UploadFile"/>
</testsuite> <!-- basic.UploadFile -->
