<?xml version="1.0" encoding="UTF-8"?>
<!-- Generated by org.testng.reporters.JUnitReportReporter -->
<testsuite hostname="ksourabh-PC" name="basic.MyFormAutomationScriptChrome" tests="1" failures="0" timestamp="5 May 2019 05:31:44 GMT" time="121.295" errors="0">
  <testcase name="FormAutomation" time="121.295" classname="basic.MyFormAutomationScriptChrome"/>
</testsuite> <!-- basic.MyFormAutomationScriptChrome -->
