<?xml version="1.0" encoding="UTF-8"?>
<!-- Generated by org.testng.reporters.JUnitReportReporter -->
<testsuite hostname="ksourabh-PC" name="basic.NavigateFunctions" tests="1" failures="0" timestamp="11 May 2019 06:42:45 GMT" time="15.365" errors="0">
  <testcase name="test" time="15.365" classname="basic.NavigateFunctions"/>
</testsuite> <!-- basic.NavigateFunctions -->
