<?xml version="1.0" encoding="UTF-8"?>
<!-- Generated by org.testng.reporters.JUnitReportReporter -->
<testsuite hostname="ksourabh-PC" name="TestNGB9.MyGroupA" tests="1" failures="0" timestamp="9 Jun 2019 07:03:21 GMT" time="0.019" errors="0">
  <testcase name="test4" time="0.019" classname="TestNGB9.MyGroupA"/>
</testsuite> <!-- TestNGB9.MyGroupA -->
